# JRE version: Java(TM) SE Runtime Environment (8.0_131-b11) (build 1.8.0_131-b11)
# Java VM: Java HotSpot(TM) 64-Bit Server VM (25.131-b11 mixed mode bsd-amd64 compressed oops)
Heap:
 PSYoungGen      total 210432K, used 204392K [0x0000000795580000, 0x00000007a6680000, 0x00000007c0000000)
  eden space 199680K, 98% used [0x0000000795580000,0x00000007a154f1e8,0x00000007a1880000)
  from space 10752K, 74% used [0x00000007a1880000,0x00000007a204af40,0x00000007a2300000)
  to   space 11264K, 0% used [0x00000007a5b80000,0x00000007a5b80000,0x00000007a6680000)
 ParOldGen       total 90624K, used 20888K [0x0000000740000000, 0x0000000745880000, 0x0000000795580000)
  object space 90624K, 23% used [0x0000000740000000,0x00000007414662b0,0x0000000745880000)
 Metaspace       used 51164K, capacity 51726K, committed 52224K, reserved 1095680K
  class space    used 6496K, capacity 6624K, committed 6656K, reserved 1048576K
GC Heap History (10 events):
Event: 9.179 GC heap before
{Heap before GC invocations=11 (full 1):
 PSYoungGen      total 136192K, used 134635K [0x0000000795580000, 0x000000079f900000, 0x00000007c0000000)
  eden space 128512K, 100% used [0x0000000795580000,0x000000079d300000,0x000000079d300000)
  from space 7680K, 79% used [0x000000079d300000,0x000000079d8fadf0,0x000000079da80000)
  to   space 7680K, 0% used [0x000000079f180000,0x000000079f180000,0x000000079f900000)
 ParOldGen       total 54272K, used 7443K [0x0000000740000000, 0x0000000743500000, 0x0000000795580000)
  object space 54272K, 13% used [0x0000000740000000,0x0000000740744e20,0x0000000743500000)
 Metaspace       used 31102K, capacity 31550K, committed 31872K, reserved 1077248K
  class space    used 3855K, capacity 3950K, committed 3968K, reserved 1048576K
Event: 9.198 GC heap after
Heap after GC invocations=11 (full 1):
 PSYoungGen      total 156672K, used 7649K [0x0000000795580000, 0x00000007a1580000, 0x00000007c0000000)
  eden space 148992K, 0% used [0x0000000795580000,0x0000000795580000,0x000000079e700000)
  from space 7680K, 99% used [0x000000079f180000,0x000000079f8f86e0,0x000000079f900000)
  to   space 10752K, 0% used [0x000000079e700000,0x000000079e700000,0x000000079f180000)
 ParOldGen       total 54272K, used 13957K [0x0000000740000000, 0x0000000743500000, 0x0000000795580000)
  object space 54272K, 25% used [0x0000000740000000,0x0000000740da1658,0x0000000743500000)
 Metaspace       used 31102K, capacity 31550K, committed 31872K, reserved 1077248K
  class space    used 3855K, capacity 3950K, committed 3968K, reserved 1048576K
}
Event: 9.923 GC heap before
{Heap before GC invocations=12 (full 1):
 PSYoungGen      total 156672K, used 79214K [0x0000000795580000, 0x00000007a1580000, 0x00000007c0000000)
  eden space 148992K, 48% used [0x0000000795580000,0x0000000799b631a0,0x000000079e700000)
  from space 7680K, 99% used [0x000000079f180000,0x000000079f8f86e0,0x000000079f900000)
  to   space 10752K, 0% used [0x000000079e700000,0x000000079e700000,0x000000079f180000)
 ParOldGen       total 54272K, used 13957K [0x0000000740000000, 0x0000000743500000, 0x0000000795580000)
  object space 54272K, 25% used [0x0000000740000000,0x0000000740da1658,0x0000000743500000)
 Metaspace       used 34802K, capacity 35222K, committed 35496K, reserved 1081344K
  class space    used 4245K, capacity 4338K, committed 4352K, reserved 1048576K
Event: 9.940 GC heap after
Heap after GC invocations=12 (full 1):
 PSYoungGen      total 159744K, used 3584K [0x0000000795580000, 0x00000007a3400000, 0x00000007c0000000)
  eden space 148992K, 0% used [0x0000000795580000,0x0000000795580000,0x000000079e700000)
  from space 10752K, 33% used [0x000000079e700000,0x000000079ea80240,0x000000079f180000)
  to   space 10752K, 0% used [0x00000007a2980000,0x00000007a2980000,0x00000007a3400000)
 ParOldGen       total 54272K, used 21367K [0x0000000740000000, 0x0000000743500000, 0x0000000795580000)
  object space 54272K, 39% used [0x0000000740000000,0x00000007414ddcc0,0x0000000743500000)
 Metaspace       used 34802K, capacity 35222K, committed 35496K, reserved 1081344K
  class space    used 4245K, capacity 4338K, committed 4352K, reserved 1048576K
}
Event: 9.940 GC heap before
{Heap before GC invocations=13 (full 2):
 PSYoungGen      total 159744K, used 3584K [0x0000000795580000, 0x00000007a3400000, 0x00000007c0000000)
  eden space 148992K, 0% used [0x0000000795580000,0x0000000795580000,0x000000079e700000)
  from space 10752K, 33% used [0x000000079e700000,0x000000079ea80240,0x000000079f180000)
  to   space 10752K, 0% used [0x00000007a2980000,0x00000007a2980000,0x00000007a3400000)
 ParOldGen       total 54272K, used 21367K [0x0000000740000000, 0x0000000743500000, 0x0000000795580000)
  object space 54272K, 39% used [0x0000000740000000,0x00000007414ddcc0,0x0000000743500000)
 Metaspace       used 34802K, capacity 35222K, committed 35496K, reserved 1081344K
  class space    used 4245K, capacity 4338K, committed 4352K, reserved 1048576K
Event: 10.030 GC heap after
Heap after GC invocations=13 (full 2):
 PSYoungGen      total 159744K, used 0K [0x0000000795580000, 0x00000007a3400000, 0x00000007c0000000)
  eden space 148992K, 0% used [0x0000000795580000,0x0000000795580000,0x000000079e700000)
  from space 10752K, 0% used [0x000000079e700000,0x000000079e700000,0x000000079f180000)
  to   space 10752K, 0% used [0x00000007a2980000,0x00000007a2980000,0x00000007a3400000)
 ParOldGen       total 90624K, used 20104K [0x0000000740000000, 0x0000000745880000, 0x0000000795580000)
  object space 90624K, 22% used [0x0000000740000000,0x00000007413a22b0,0x0000000745880000)
 Metaspace       used 34802K, capacity 35222K, committed 35496K, reserved 1081344K
  class space    used 4245K, capacity 4338K, committed 4352K, reserved 1048576K
}
Event: 11.399 GC heap before
{Heap before GC invocations=14 (full 2):
 PSYoungGen      total 159744K, used 148992K [0x0000000795580000, 0x00000007a3400000, 0x00000007c0000000)
  eden space 148992K, 100% used [0x0000000795580000,0x000000079e700000,0x000000079e700000)
  from space 10752K, 0% used [0x000000079e700000,0x000000079e700000,0x000000079f180000)
  to   space 10752K, 0% used [0x00000007a2980000,0x00000007a2980000,0x00000007a3400000)
 ParOldGen       total 90624K, used 20104K [0x0000000740000000, 0x0000000745880000, 0x0000000795580000)
  object space 90624K, 22% used [0x0000000740000000,0x00000007413a22b0,0x0000000745880000)
 Metaspace       used 38439K, capacity 38940K, committed 39296K, reserved 1083392K
  class space    used 4849K, capacity 4979K, committed 4992K, reserved 1048576K
Event: 11.406 GC heap after
Heap after GC invocations=14 (full 2):
 PSYoungGen      total 200192K, used 3840K [0x0000000795580000, 0x00000007a2d80000, 0x00000007c0000000)
  eden space 196096K, 0% used [0x0000000795580000,0x0000000795580000,0x00000007a1500000)
  from space 4096K, 93% used [0x00000007a2980000,0x00000007a2d40260,0x00000007a2d80000)
  to   space 10752K, 0% used [0x00000007a1880000,0x00000007a1880000,0x00000007a2300000)
 ParOldGen       total 90624K, used 20112K [0x0000000740000000, 0x0000000745880000, 0x0000000795580000)
  object space 90624K, 22% used [0x0000000740000000,0x00000007413a42b0,0x0000000745880000)
 Metaspace       used 38439K, capacity 38940K, committed 39296K, reserved 1083392K
  class space    used 4849K, capacity 4979K, committed 4992K, reserved 1048576K
}
Event: 13.159 GC heap before
{Heap before GC invocations=15 (full 2):
 PSYoungGen      total 200192K, used 199936K [0x0000000795580000, 0x00000007a2d80000, 0x00000007c0000000)
  eden space 196096K, 100% used [0x0000000795580000,0x00000007a1500000,0x00000007a1500000)
  from space 4096K, 93% used [0x00000007a2980000,0x00000007a2d40260,0x00000007a2d80000)
  to   space 10752K, 0% used [0x00000007a1880000,0x00000007a1880000,0x00000007a2300000)
 ParOldGen       total 90624K, used 20112K [0x0000000740000000, 0x0000000745880000, 0x0000000795580000)
  object space 90624K, 22% used [0x0000000740000000,0x00000007413a42b0,0x0000000745880000)
 Metaspace       used 42744K, capacity 43260K, committed 43776K, reserved 1087488K
  class space    used 5433K, capacity 5561K, committed 5632K, reserved 1048576K
Event: 13.179 GC heap after
Heap after GC invocations=15 (full 2):
 PSYoungGen      total 210432K, used 7979K [0x0000000795580000, 0x00000007a6680000, 0x00000007c0000000)
  eden space 199680K, 0% used [0x0000000795580000,0x0000000795580000,0x00000007a1880000)
  from space 10752K, 74% used [0x00000007a1880000,0x00000007a204af40,0x00000007a2300000)
  to   space 11264K, 0% used [0x00000007a5b80000,0x00000007a5b80000,0x00000007a6680000)
 ParOldGen       total 90624K, used 20888K [0x0000000740000000, 0x0000000745880000, 0x0000000795580000)
  object space 90624K, 23% used [0x0000000740000000,0x00000007414662b0,0x0000000745880000)
 Metaspace       used 42744K, capacity 43260K, committed 43776K, reserved 1087488K
  class space    used 5433K, capacity 5561K, committed 5632K, reserved 1048576K
}

